#
# There is insufficient memory for the Java Runtime Environment to continue.
# Native memory allocation (malloc) failed to allocate 341280 bytes for Chunk::new
# Possible reasons:
#   The system is out of physical RAM or swap space
#   In 32 bit mode, the process size limit was hit
# Possible solutions:
#   Reduce memory load on the system
#   Increase physical memory or swap space
#   Check if swap backing store is full
#   Use 64 bit Java on a 64 bit OS
#   Decrease Java heap size (-Xmx/-Xms)
#   Decrease number of Java threads
#   Decrease Java thread stack sizes (-Xss)
#   Set larger code cache with -XX:ReservedCodeCacheSize=
# This output file may be truncated or incomplete.
#
#  Out of Memory Error (allocation.cpp:390), pid=27416, tid=0x0000000000003ee4
#
# JRE version: Java(TM) SE Runtime Environment (8.0_112-b15) (build 1.8.0_112-b15)
# Java VM: Java HotSpot(TM) 64-Bit Server VM (25.112-b15 mixed mode windows-amd64 compressed oops)
# Failed to write core dump. Minidumps are not enabled by default on client versions of Windows
#

---------------  T H R E A D  ---------------

Current thread (0x0000000019636800):  JavaThread "C2 CompilerThread1" daemon [_thread_in_native, id=16100, stack(0x00000000199e0000,0x0000000019ae0000)]

Stack: [0x00000000199e0000,0x0000000019ae0000]
[error occurred during error reporting (printing stack bounds), id 0xc0000005]

Native frames: (J=compiled Java code, j=interpreted, Vv=VM code, C=native code)


Current CompileTask:
C2: 125971 2417       4       com.android.dx.ssa.back.LivenessAnalyzer::liveOutAtStatement (61 bytes)


---------------  P R O C E S S  ---------------

Java Threads: ( => current thread )
  0x000000001963c000 JavaThread "Service Thread" daemon [_thread_blocked, id=28656, stack(0x0000000019be0000,0x0000000019ce0000)]
  0x0000000019639800 JavaThread "C1 CompilerThread2" daemon [_thread_blocked, id=17220, stack(0x0000000019ae0000,0x0000000019be0000)]
=>0x0000000019636800 JavaThread "C2 CompilerThread1" daemon [_thread_in_native, id=16100, stack(0x00000000199e0000,0x0000000019ae0000)]
  0x0000000017f7b000 JavaThread "C2 CompilerThread0" daemon [_thread_in_native, id=17104, stack(0x00000000194e0000,0x00000000195e0000)]
  0x0000000017f2e000 JavaThread "Attach Listener" daemon [_thread_blocked, id=23536, stack(0x00000000193e0000,0x00000000194e0000)]
  0x0000000017f2d000 JavaThread "Signal Dispatcher" daemon [_thread_blocked, id=3648, stack(0x00000000192e0000,0x00000000193e0000)]
  0x00000000032f5800 JavaThread "Finalizer" daemon [_thread_blocked, id=16348, stack(0x0000000019180000,0x0000000019280000)]
  0x00000000032f0000 JavaThread "Reference Handler" daemon [_thread_blocked, id=14064, stack(0x0000000019080000,0x0000000019180000)]
  0x00000000030fd800 JavaThread "main" [_thread_in_Java, id=26608, stack(0x0000000003100000,0x0000000003200000)]

Other Threads:
  0x0000000017ee8000 VMThread [stack: 0x0000000018f80000,0x0000000019080000] [id=4332]
  0x0000000019652800 WatcherThread [stack: 0x0000000019ce0000,0x0000000019de0000] [id=18568]

VM state:synchronizing (normal execution)

VM Mutex/Monitor currently owned by a thread:  ([mutex/lock_event])
[0x00000000030fc7d0] Safepoint_lock - owner thread: 0x0000000017ee8000
[0x00000000030fd0d0] Threads_lock - owner thread: 0x0000000017ee8000

Heap:
 PSYoungGen      total 533504K, used 121491K [0x00000000d5580000, 0x00000000fe300000, 0x0000000100000000)
  eden space 425984K, 3% used [0x00000000d5580000,0x00000000d6620ac0,0x00000000ef580000)
  from space 107520K, 97% used [0x00000000ef580000,0x00000000f5b844a8,0x00000000f5e80000)
  to   space 83968K, 0% used [0x00000000f5e80000,0x00000000f5e80000,0x00000000fb080000)
 ParOldGen       total 273920K, used 211846K [0x0000000080000000, 0x0000000090b80000, 0x00000000d5580000)
  object space 273920K, 77% used [0x0000000080000000,0x000000008cee1ad0,0x0000000090b80000)
 Metaspace       used 6190K, capacity 7152K, committed 7296K, reserved 1056768K
  class space    used 599K, capacity 616K, committed 640K, reserved 1048576K

Card table byte_map: [0x00000000126c0000,0x0000000012ad0000] byte_map_base: 0x00000000122c0000

Marking Bits: (ParMarkBitMap*) 0x000000006229a6d0
 Begin Bits: [0x0000000013180000, 0x0000000015180000)
 End Bits:   [0x0000000015180000, 0x0000000017180000)

Polling page: 0x0000000003070000

CodeCache: size=245760Kb used=8885Kb max_used=9742Kb free=236874Kb
 bounds [0x0000000003300000, 0x0000000003ca0000, 0x0000000012300000]
 total_blobs=1980 nmethods=1720 adapters=173
 compilation: enabled

Compilation events (10 events):
Event: 125.872 Thread 0x0000000019639800 nmethod 2414 0x00000000035afd90 code [0x00000000035aff20, 0x00000000035b03d0]
Event: 125.873 Thread 0x0000000017f7b000 2418       4       com.android.dx.ssa.SsaInsn::isResultReg (24 bytes)
Event: 125.874 Thread 0x0000000017f7b000 nmethod 2418 0x00000000034efa10 code [0x00000000034efb40, 0x00000000034efbb8]
Event: 125.875 Thread 0x0000000019639800 2415       3       com.android.dx.util.IntList::insert (115 bytes)
Event: 125.876 Thread 0x0000000019639800 nmethod 2415 0x0000000003711750 code [0x0000000003711900, 0x0000000003711e48]
Event: 125.878 Thread 0x0000000019639800 2416       3       com.android.dx.util.ListIntSet::add (26 bytes)
Event: 125.878 Thread 0x0000000019639800 nmethod 2416 0x00000000035d3450 code [0x00000000035d35c0, 0x00000000035d38d8]
Event: 125.883 Thread 0x0000000017f7b000 2419       4       com.android.dx.ssa.back.InterferenceGraph::add (46 bytes)
Event: 125.907 Thread 0x0000000019639800 2425       2       com.android.dx.ssa.back.LivenessAnalyzer::constructInterferenceGraph (47 bytes)
Event: 125.907 Thread 0x0000000019639800 nmethod 2425 0x000000000380b090 code [0x000000000380b220, 0x000000000380b518]

GC Heap History (10 events):
Event: 73.251 GC heap before
{Heap before GC invocations=13 (full 1):
 PSYoungGen      total 368128K, used 368108K [0x00000000d5580000, 0x00000000f5d00000, 0x0000000100000000)
  eden space 314368K, 100% used [0x00000000d5580000,0x00000000e8880000,0x00000000e8880000)
  from space 53760K, 99% used [0x00000000e8880000,0x00000000ebcfb0d0,0x00000000ebd00000)
  to   space 69632K, 0% used [0x00000000f1900000,0x00000000f1900000,0x00000000f5d00000)
 ParOldGen       total 154624K, used 106937K [0x0000000080000000, 0x0000000089700000, 0x00000000d5580000)
  object space 154624K, 69% used [0x0000000080000000,0x000000008686e760,0x0000000089700000)
 Metaspace       used 6118K, capacity 7152K, committed 7296K, reserved 1056768K
  class space    used 599K, capacity 616K, committed 640K, reserved 1048576K
Event: 73.659 GC heap after
Heap after GC invocations=13 (full 1):
 PSYoungGen      total 458240K, used 51857K [0x00000000d5580000, 0x00000000f6180000, 0x0000000100000000)
  eden space 388608K, 0% used [0x00000000d5580000,0x00000000d5580000,0x00000000ed100000)
  from space 69632K, 74% used [0x00000000f1900000,0x00000000f4ba45d8,0x00000000f5d00000)
  to   space 73728K, 0% used [0x00000000ed100000,0x00000000ed100000,0x00000000f1900000)
 ParOldGen       total 154624K, used 148757K [0x0000000080000000, 0x0000000089700000, 0x00000000d5580000)
  object space 154624K, 96% used [0x0000000080000000,0x0000000089145548,0x0000000089700000)
 Metaspace       used 6118K, capacity 7152K, committed 7296K, reserved 1056768K
  class space    used 599K, capacity 616K, committed 640K, reserved 1048576K
}
Event: 73.659 GC heap before
{Heap before GC invocations=14 (full 2):
 PSYoungGen      total 458240K, used 51857K [0x00000000d5580000, 0x00000000f6180000, 0x0000000100000000)
  eden space 388608K, 0% used [0x00000000d5580000,0x00000000d5580000,0x00000000ed100000)
  from space 69632K, 74% used [0x00000000f1900000,0x00000000f4ba45d8,0x00000000f5d00000)
  to   space 73728K, 0% used [0x00000000ed100000,0x00000000ed100000,0x00000000f1900000)
 ParOldGen       total 154624K, used 148757K [0x0000000080000000, 0x0000000089700000, 0x00000000d5580000)
  object space 154624K, 96% used [0x0000000080000000,0x0000000089145548,0x0000000089700000)
 Metaspace       used 6118K, capacity 7152K, committed 7296K, reserved 1056768K
  class space    used 599K, capacity 616K, committed 640K, reserved 1048576K
Event: 82.251 GC heap after
Heap after GC invocations=14 (full 2):
 PSYoungGen      total 458240K, used 29157K [0x00000000d5580000, 0x00000000f6180000, 0x0000000100000000)
  eden space 388608K, 0% used [0x00000000d5580000,0x00000000d5580000,0x00000000ed100000)
  from space 69632K, 41% used [0x00000000f1900000,0x00000000f3579480,0x00000000f5d00000)
  to   space 73728K, 0% used [0x00000000ed100000,0x00000000ed100000,0x00000000f1900000)
 ParOldGen       total 273920K, used 154447K [0x0000000080000000, 0x0000000090b80000, 0x00000000d5580000)
  object space 273920K, 56% used [0x0000000080000000,0x00000000896d3cd8,0x0000000090b80000)
 Metaspace       used 6118K, capacity 7152K, committed 7296K, reserved 1056768K
  class space    used 599K, capacity 616K, committed 640K, reserved 1048576K
}
Event: 94.122 GC heap before
{Heap before GC invocations=15 (full 2):
 PSYoungGen      total 458240K, used 417765K [0x00000000d5580000, 0x00000000f6180000, 0x0000000100000000)
  eden space 388608K, 100% used [0x00000000d5580000,0x00000000ed100000,0x00000000ed100000)
  from space 69632K, 41% used [0x00000000f1900000,0x00000000f3579480,0x00000000f5d00000)
  to   space 73728K, 0% used [0x00000000ed100000,0x00000000ed100000,0x00000000f1900000)
 ParOldGen       total 273920K, used 154447K [0x0000000080000000, 0x0000000090b80000, 0x00000000d5580000)
  object space 273920K, 56% used [0x0000000080000000,0x00000000896d3cd8,0x0000000090b80000)
 Metaspace       used 6169K, capacity 7152K, committed 7296K, reserved 1056768K
  class space    used 599K, capacity 616K, committed 640K, reserved 1048576K
Event: 94.520 GC heap after
Heap after GC invocations=15 (full 2):
 PSYoungGen      total 462336K, used 69907K [0x00000000d5580000, 0x00000000fb080000, 0x0000000100000000)
  eden space 388608K, 0% used [0x00000000d5580000,0x00000000d5580000,0x00000000ed100000)
  from space 73728K, 94% used [0x00000000ed100000,0x00000000f1544ce0,0x00000000f1900000)
  to   space 83968K, 0% used [0x00000000f5e80000,0x00000000f5e80000,0x00000000fb080000)
 ParOldGen       total 273920K, used 154455K [0x0000000080000000, 0x0000000090b80000, 0x00000000d5580000)
  object space 273920K, 56% used [0x0000000080000000,0x00000000896d5cd8,0x0000000090b80000)
 Metaspace       used 6169K, capacity 7152K, committed 7296K, reserved 1056768K
  class space    used 599K, capacity 616K, committed 640K, reserved 1048576K
}
Event: 102.745 GC heap before
{Heap before GC invocations=16 (full 2):
 PSYoungGen      total 462336K, used 458515K [0x00000000d5580000, 0x00000000fb080000, 0x0000000100000000)
  eden space 388608K, 100% used [0x00000000d5580000,0x00000000ed100000,0x00000000ed100000)
  from space 73728K, 94% used [0x00000000ed100000,0x00000000f1544ce0,0x00000000f1900000)
  to   space 83968K, 0% used [0x00000000f5e80000,0x00000000f5e80000,0x00000000fb080000)
 ParOldGen       total 273920K, used 154455K [0x0000000080000000, 0x0000000090b80000, 0x00000000d5580000)
  object space 273920K, 56% used [0x0000000080000000,0x00000000896d5cd8,0x0000000090b80000)
 Metaspace       used 6189K, capacity 7152K, committed 7296K, reserved 1056768K
  class space    used 599K, capacity 616K, committed 640K, reserved 1048576K
Event: 103.345 GC heap after
Heap after GC invocations=16 (full 2):
 PSYoungGen      total 509952K, used 83952K [0x00000000d5580000, 0x00000000fe300000, 0x0000000100000000)
  eden space 425984K, 0% used [0x00000000d5580000,0x00000000d5580000,0x00000000ef580000)
  from space 83968K, 99% used [0x00000000f5e80000,0x00000000fb07c2c8,0x00000000fb080000)
  to   space 107520K, 0% used [0x00000000ef580000,0x00000000ef580000,0x00000000f5e80000)
 ParOldGen       total 273920K, used 182729K [0x0000000080000000, 0x0000000090b80000, 0x00000000d5580000)
  object space 273920K, 66% used [0x0000000080000000,0x000000008b2726c0,0x0000000090b80000)
 Metaspace       used 6189K, capacity 7152K, committed 7296K, reserved 1056768K
  class space    used 599K, capacity 616K, committed 640K, reserved 1048576K
}
Event: 121.805 GC heap before
{Heap before GC invocations=17 (full 2):
 PSYoungGen      total 509952K, used 509936K [0x00000000d5580000, 0x00000000fe300000, 0x0000000100000000)
  eden space 425984K, 100% used [0x00000000d5580000,0x00000000ef580000,0x00000000ef580000)
  from space 83968K, 99% used [0x00000000f5e80000,0x00000000fb07c2c8,0x00000000fb080000)
  to   space 107520K, 0% used [0x00000000ef580000,0x00000000ef580000,0x00000000f5e80000)
 ParOldGen       total 273920K, used 182729K [0x0000000080000000, 0x0000000090b80000, 0x00000000d5580000)
  object space 273920K, 66% used [0x0000000080000000,0x000000008b2726c0,0x0000000090b80000)
 Metaspace       used 6190K, capacity 7152K, committed 7296K, reserved 1056768K
  class space    used 599K, capacity 616K, committed 640K, reserved 1048576K
Event: 124.934 GC heap after
Heap after GC invocations=17 (full 2):
 PSYoungGen      total 533504K, used 104465K [0x00000000d5580000, 0x00000000fe300000, 0x0000000100000000)
  eden space 425984K, 0% used [0x00000000d5580000,0x00000000d5580000,0x00000000ef580000)
  from space 107520K, 97% used [0x00000000ef580000,0x00000000f5b844a8,0x00000000f5e80000)
  to   space 83968K, 0% used [0x00000000f5e80000,0x00000000f5e80000,0x00000000fb080000)
 ParOldGen       total 273920K, used 211846K [0x0000000080000000, 0x0000000090b80000, 0x00000000d5580000)
  object space 273920K, 77% used [0x0000000080000000,0x000000008cee1ad0,0x0000000090b80000)
 Metaspace       used 6190K, capacity 7152K, committed 7296K, reserved 1056768K
  class space    used 599K, capacity 616K, committed 640K, reserved 1048576K
}

Deoptimization events (10 events):
Event: 125.623 Thread 0x00000000030fd800 Uncommon trap: reason=predicate action=maybe_recompile pc=0x000000000343c450 method=com.android.dx.ssa.back.InterferenceGraph.<init>(I)V @ 23
Event: 125.757 Thread 0x00000000030fd800 Uncommon trap: reason=unstable_if action=reinterpret pc=0x00000000036f2ccc method=com.android.dx.ssa.SetFactory.makeLivenessSet(I)Lcom/android/dx/util/IntSet; @ 4
Event: 125.757 Thread 0x00000000030fd800 Uncommon trap: reason=unstable_if action=reinterpret pc=0x00000000036c7ed4 method=com.android.dx.ssa.SetFactory.makeLivenessSet(I)Lcom/android/dx/util/IntSet; @ 4
Event: 125.868 Thread 0x00000000030fd800 Uncommon trap: reason=class_check action=maybe_recompile pc=0x00000000036ec744 method=com.android.dx.ssa.back.InterferenceGraph.add(II)V @ 19
Event: 125.868 Thread 0x00000000030fd800 Uncommon trap: reason=class_check action=maybe_recompile pc=0x00000000036ec744 method=com.android.dx.ssa.back.InterferenceGraph.add(II)V @ 19
Event: 125.868 Thread 0x00000000030fd800 Uncommon trap: reason=unstable_if action=reinterpret pc=0x000000000354f774 method=com.android.dx.util.IntList.binarysearch(I)I @ 105
Event: 125.868 Thread 0x00000000030fd800 Uncommon trap: reason=unstable_if action=reinterpret pc=0x000000000348cabc method=com.android.dx.util.IntList.insert(II)V @ 91
Event: 125.868 Thread 0x00000000030fd800 Uncommon trap: reason=class_check action=maybe_recompile pc=0x00000000036ec744 method=com.android.dx.ssa.back.InterferenceGraph.add(II)V @ 19
Event: 125.868 Thread 0x00000000030fd800 Uncommon trap: reason=unstable_if action=reinterpret pc=0x0000000003707dfc method=com.android.dx.util.IntList.binarysearch(I)I @ 105
Event: 125.868 Thread 0x00000000030fd800 Uncommon trap: reason=class_check action=maybe_recompile pc=0x00000000036ec744 method=com.android.dx.ssa.back.InterferenceGraph.add(II)V @ 19

Internal exceptions (8 events):
Event: 3.490 Thread 0x00000000030fd800 Exception <a 'java/lang/NoSuchMethodError': Method sun.misc.Unsafe.defineClass(Ljava/lang/String;[BII)Ljava/lang/Class; name or signature does not match> (0x00000000d5587c78) thrown at [C:\re\workspace\8-2-build-windows-amd64-cygwin\jdk8u112\7884\hotspot\
Event: 3.491 Thread 0x00000000030fd800 Exception <a 'java/lang/NoSuchMethodError': Method sun.misc.Unsafe.prefetchRead(Ljava/lang/Object;J)V name or signature does not match> (0x00000000d5587f60) thrown at [C:\re\workspace\8-2-build-windows-amd64-cygwin\jdk8u112\7884\hotspot\src\share\vm\prims
Event: 13.425 Thread 0x00000000030fd800 Implicit null exception at 0x0000000003854a31 to 0x0000000003855d12
Event: 13.780 Thread 0x00000000030fd800 Implicit null exception at 0x0000000003627062 to 0x0000000003627161
Event: 17.998 Thread 0x00000000030fd800 Implicit null exception at 0x00000000035f9ec6 to 0x00000000035fb949
Event: 26.947 Thread 0x00000000030fd800 Exception <a 'java/lang/ArrayIndexOutOfBoundsException': 18> (0x00000000dc335450) thrown at [C:\re\workspace\8-2-build-windows-amd64-cygwin\jdk8u112\7884\hotspot\src\share\vm\interpreter\interpreterRuntime.cpp, line 366]
Event: 26.948 Thread 0x00000000030fd800 Exception <a 'java/lang/ArrayIndexOutOfBoundsException': 145> (0x00000000dc336fd0) thrown at [C:\re\workspace\8-2-build-windows-amd64-cygwin\jdk8u112\7884\hotspot\src\share\vm\interpreter\interpreterRuntime.cpp, line 366]
Event: 26.949 Thread 0x00000000030fd800 Exception <a 'java/lang/ArrayIndexOutOfBoundsException'> (0x00000000dc3382b8) thrown at [C:\re\workspace\8-2-build-windows-amd64-cygwin\jdk8u112\7884\hotspot\src\share\vm\runtime\sharedRuntime.cpp, line 605]

Events (10 events):
Event: 125.879 Thread 0x0000000019639800 flushing nmethod 0x0000000003838b10
Event: 125.880 Thread 0x0000000019639800 flushing nmethod 0x0000000003847050
Event: 125.907 Thread 0x0000000019639800 flushing nmethod 0x00000000038605d0
Event: 125.908 Thread 0x0000000019639800 flushing nmethod 0x0000000003864b90
Event: 125.908 Thread 0x0000000019639800 flushing nmethod 0x00000000038a1690
Event: 125.909 Thread 0x0000000019639800 flushing nmethod 0x00000000038bb690
Event: 125.909 Thread 0x0000000019639800 flushing nmethod 0x00000000038be590
Event: 125.909 Thread 0x0000000019639800 flushing nmethod 0x00000000038c4190
Event: 125.909 Thread 0x0000000019639800 flushing nmethod 0x00000000038da0d0
Event: 125.909 Thread 0x0000000019639800 flushing nmethod 0x00000000038db3d0


Dynamic libraries:
0x00007ff77a840000 - 0x00007ff77a877000 	C:\Program Files\Java\jdk1.8.0_112\bin\java.exe
0x00007ffc77a30000 - 0x00007ffc77c01000 	C:\WINDOWS\SYSTEM32\ntdll.dll
0x00007ffc778e0000 - 0x00007ffc7798b000 	C:\WINDOWS\System32\KERNEL32.DLL
0x00007ffc745a0000 - 0x00007ffc747bd000 	C:\WINDOWS\System32\KERNELBASE.dll
0x00007ffc753d0000 - 0x00007ffc75472000 	C:\WINDOWS\System32\ADVAPI32.dll
0x00007ffc750e0000 - 0x00007ffc7517e000 	C:\WINDOWS\System32\msvcrt.dll
0x00007ffc75d40000 - 0x00007ffc75d99000 	C:\WINDOWS\System32\sechost.dll
0x00007ffc759d0000 - 0x00007ffc75af1000 	C:\WINDOWS\System32\RPCRT4.dll
0x00007ffc75b60000 - 0x00007ffc75cc5000 	C:\WINDOWS\System32\USER32.dll
0x00007ffc748c0000 - 0x00007ffc748de000 	C:\WINDOWS\System32\win32u.dll
0x00007ffc779f0000 - 0x00007ffc77a24000 	C:\WINDOWS\System32\GDI32.dll
0x00007ffc74320000 - 0x00007ffc744a2000 	C:\WINDOWS\System32\gdi32full.dll
0x00007ffc6cf40000 - 0x00007ffc6d1b9000 	C:\WINDOWS\WinSxS\amd64_microsoft.windows.common-controls_6595b64144ccf1df_6.0.14393.447_none_42191651c6827bb3\COMCTL32.dll
0x00007ffc75550000 - 0x00007ffc75817000 	C:\WINDOWS\System32\combase.dll
0x00007ffc747c0000 - 0x00007ffc748b5000 	C:\WINDOWS\System32\ucrtbase.dll
0x00007ffc73f20000 - 0x00007ffc73f8a000 	C:\WINDOWS\System32\bcryptPrimitives.dll
0x00007ffc77480000 - 0x00007ffc774ae000 	C:\WINDOWS\System32\IMM32.DLL
0x0000000062320000 - 0x00000000623f2000 	C:\Program Files\Java\jdk1.8.0_112\jre\bin\msvcr100.dll
0x0000000061a80000 - 0x000000006231a000 	C:\Program Files\Java\jdk1.8.0_112\jre\bin\server\jvm.dll
0x00007ffc75180000 - 0x00007ffc75188000 	C:\WINDOWS\System32\PSAPI.DLL
0x00007ffc51600000 - 0x00007ffc51609000 	C:\WINDOWS\SYSTEM32\WSOCK32.dll
0x00007ffc75cd0000 - 0x00007ffc75d3a000 	C:\WINDOWS\System32\WS2_32.dll
0x00007ffc71e70000 - 0x00007ffc71e93000 	C:\WINDOWS\SYSTEM32\WINMM.dll
0x00007ffc6fea0000 - 0x00007ffc6feaa000 	C:\WINDOWS\SYSTEM32\VERSION.dll
0x00007ffc71d80000 - 0x00007ffc71dab000 	C:\WINDOWS\SYSTEM32\WINMMBASE.dll
0x00007ffc74550000 - 0x00007ffc74592000 	C:\WINDOWS\System32\cfgmgr32.dll
0x0000000063010000 - 0x000000006301f000 	C:\Program Files\Java\jdk1.8.0_112\jre\bin\verify.dll
0x0000000062fe0000 - 0x0000000063009000 	C:\Program Files\Java\jdk1.8.0_112\jre\bin\java.dll
0x0000000062fc0000 - 0x0000000062fd6000 	C:\Program Files\Java\jdk1.8.0_112\jre\bin\zip.dll
0x00007ffc75e00000 - 0x00007ffc77309000 	C:\WINDOWS\System32\SHELL32.dll
0x00007ffc748e0000 - 0x00007ffc74fba000 	C:\WINDOWS\System32\windows.storage.dll
0x00007ffc73ec0000 - 0x00007ffc73f0c000 	C:\WINDOWS\System32\powrprof.dll
0x00007ffc75b00000 - 0x00007ffc75b52000 	C:\WINDOWS\System32\shlwapi.dll
0x00007ffc73f10000 - 0x00007ffc73f1f000 	C:\WINDOWS\System32\kernel.appcore.dll
0x00007ffc74160000 - 0x00007ffc74209000 	C:\WINDOWS\System32\shcore.dll
0x00007ffc73ea0000 - 0x00007ffc73eb4000 	C:\WINDOWS\System32\profapi.dll

VM Arguments:
jvm_args: -Djava.awt.headless=true -Xmx2048M -Dfile.encoding=GBK -Duser.country=CN -Duser.language=zh -Duser.variant 
java_command: com.android.dx.command.Main --dex --force-jumbo --multi-dex --output E:\WifiClub\develop_11\android\app\build\intermediates\transforms\dex\flavors_Beta\debug\folders\1000\5\slice_5 E:\WifiClub\develop_11\android\app\build\intermediates\transforms\instantRunSlicer\flavors_Beta\debug\folders\1\5\slice_5
java_class_path (initial): D:\Android\sdk\build-tools\21.1.2\lib\dx.jar
Launcher Type: SUN_STANDARD

Environment Variables:
JAVA_HOME=C:\Program Files\Java\jdk1.8.0_112
PATH=C:\ProgramData\Oracle\Java\javapath;C:\WINDOWS\system32;C:\WINDOWS;C:\WINDOWS\System32\Wbem;C:\WINDOWS\System32\WindowsPowerShell\v1.0\;C:\Program Files\Microsoft SQL Server\110\DTS\Binn\;C:\Program Files (x86)\Microsoft SQL Server\110\Tools\Binn\;C:\Program Files\Microsoft SQL Server\110\Tools\Binn\;C:\Program Files (x86)\Microsoft SQL Server\110\Tools\Binn\ManagementStudio\;C:\Program Files (x86)\Microsoft Visual Studio 10.0\Common7\IDE\PrivateAssemblies\;C:\Program Files (x86)\Microsoft SQL Server\110\DTS\Binn\;C:\Users\lcg19\.dnx\bin;C:\Program Files\Microsoft DNX\Dnvm\;C:\Program Files\Microsoft SQL Server\120\Tools\Binn\;C:\Program Files\Microsoft SQL Server\130\Tools\Binn\;C:\Program Files (x86)\Windows Kits\10\Windows Performance Toolkit\;C:\Program Files (x86)\nodejs\;C:\Program Files (x86)\VisualSVN\bin;C:\Program Files (x86)\Microsoft Emulator Manager\1.0\;C:\Program Files\SVN\bin;C:\Program Files (x86)\NVIDIA Corporation\PhysX\Common;C:\Users\lcg19\AppData\Roaming\npm;C:\Users\lcg19\AppData\Local\Microsoft\WindowsApps;;C:\Program Files (x86)\Microsoft VS Code\bin
USERNAME=lcg19
OS=Windows_NT
PROCESSOR_IDENTIFIER=Intel64 Family 6 Model 42 Stepping 7, GenuineIntel



---------------  S Y S T E M  ---------------

OS: Windows 10.0 , 64 bit Build 14393 (10.0.14393.0)

CPU:total 4 (2 cores per cpu, 2 threads per core) family 6 model 42 stepping 7, cmov, cx8, fxsr, mmx, sse, sse2, sse3, ssse3, sse4.1, sse4.2, popcnt, avx, aes, clmul, ht, tsc, tscinvbit

Memory: 4k page, physical 8300684k(240224k free), swap 16601228k(8492k free)

vm_info: Java HotSpot(TM) 64-Bit Server VM (25.112-b15) for windows-amd64 JRE (1.8.0_112-b15), built on Sep 22 2016 21:31:56 by "java_re" with MS VC++ 10.0 (VS2010)

time: Tue Nov 29 16:50:25 2016
elapsed time: 125 seconds (0d 0h 2m 5s)

