#
# There is insufficient memory for the Java Runtime Environment to continue.
# Native memory allocation (malloc) failed to allocate 65552 bytes for Chunk::new
# Possible reasons:
#   The system is out of physical RAM or swap space
#   In 32 bit mode, the process size limit was hit
# Possible solutions:
#   Reduce memory load on the system
#   Increase physical memory or swap space
#   Check if swap backing store is full
#   Use 64 bit Java on a 64 bit OS
#   Decrease Java heap size (-Xmx/-Xms)
#   Decrease number of Java threads
#   Decrease Java thread stack sizes (-Xss)
#   Set larger code cache with -XX:ReservedCodeCacheSize=
# This output file may be truncated or incomplete.
#
#  Out of Memory Error (allocation.cpp:390), pid=20100, tid=0x00000000000006cc
#
# JRE version: Java(TM) SE Runtime Environment (8.0_112-b15) (build 1.8.0_112-b15)
# Java VM: Java HotSpot(TM) 64-Bit Server VM (25.112-b15 mixed mode windows-amd64 compressed oops)
# Failed to write core dump. Minidumps are not enabled by default on client versions of Windows
#

---------------  T H R E A D  ---------------

Current thread (0x00000000176fe000):  JavaThread "C2 CompilerThread1" daemon [_thread_in_native, id=1740, stack(0x0000000019160000,0x0000000019260000)]

Stack: [0x0000000019160000,0x0000000019260000]
[error occurred during error reporting (printing stack bounds), id 0xc0000005]

Native frames: (J=compiled Java code, j=interpreted, Vv=VM code, C=native code)


Current CompileTask:
C2:  25226 2064       4       com.android.dx.ssa.LocalVariableExtractor::processBlock (383 bytes)


---------------  P R O C E S S  ---------------

Java Threads: ( => current thread )
  0x0000000018dc0000 JavaThread "Service Thread" daemon [_thread_blocked, id=10828, stack(0x0000000019360000,0x0000000019460000)]
  0x0000000018dbb000 JavaThread "C1 CompilerThread2" daemon [_thread_blocked, id=23388, stack(0x0000000019260000,0x0000000019360000)]
=>0x00000000176fe000 JavaThread "C2 CompilerThread1" daemon [_thread_in_native, id=1740, stack(0x0000000019160000,0x0000000019260000)]
  0x00000000176fb000 JavaThread "C2 CompilerThread0" daemon [_thread_in_native, id=5848, stack(0x0000000018c60000,0x0000000018d60000)]
  0x00000000176f9000 JavaThread "Attach Listener" daemon [_thread_blocked, id=21852, stack(0x0000000018b60000,0x0000000018c60000)]
  0x00000000176ae800 JavaThread "Signal Dispatcher" daemon [_thread_blocked, id=18752, stack(0x0000000018a60000,0x0000000018b60000)]
  0x0000000002a75800 JavaThread "Finalizer" daemon [_thread_blocked, id=16320, stack(0x0000000018900000,0x0000000018a00000)]
  0x0000000002a70000 JavaThread "Reference Handler" daemon [_thread_blocked, id=22688, stack(0x0000000018800000,0x0000000018900000)]
  0x00000000025ed800 JavaThread "main" [_thread_in_vm_trans, id=21756, stack(0x00000000024a0000,0x00000000025a0000)]

Other Threads:
  0x0000000017668000 VMThread [stack: 0x0000000018700000,0x0000000018800000] [id=26020]
  0x0000000018e2b800 WatcherThread [stack: 0x0000000019460000,0x0000000019560000] [id=16892]

VM state:not at safepoint (normal execution)

VM Mutex/Monitor currently owned by a thread: None

Heap:
 PSYoungGen      total 138240K, used 95519K [0x00000000d5580000, 0x00000000de180000, 0x0000000100000000)
  eden space 133120K, 67% used [0x00000000d5580000,0x00000000dadcd648,0x00000000dd780000)
  from space 5120K, 99% used [0x00000000dd780000,0x00000000ddc7a680,0x00000000ddc80000)
  to   space 5120K, 0% used [0x00000000ddc80000,0x00000000ddc80000,0x00000000de180000)
 ParOldGen       total 87552K, used 51873K [0x0000000080000000, 0x0000000085580000, 0x00000000d5580000)
  object space 87552K, 59% used [0x0000000080000000,0x00000000832a8740,0x0000000085580000)
 Metaspace       used 6020K, capacity 7152K, committed 7296K, reserved 1056768K
  class space    used 580K, capacity 616K, committed 640K, reserved 1048576K

Card table byte_map: [0x0000000011e40000,0x0000000012250000] byte_map_base: 0x0000000011a40000

Marking Bits: (ParMarkBitMap*) 0x000000006229a6d0
 Begin Bits: [0x0000000012900000, 0x0000000014900000)
 End Bits:   [0x0000000014900000, 0x0000000016900000)

Polling page: 0x0000000000a30000

CodeCache: size=245760Kb used=7532Kb max_used=9193Kb free=238228Kb
 bounds [0x0000000002a80000, 0x00000000033a0000, 0x0000000011a80000]
 total_blobs=1890 nmethods=1630 adapters=173
 compilation: enabled

Compilation events (10 events):
Event: 25.124 Thread 0x00000000176fb000 2060       4       com.android.dx.rop.cst.CstMemberRef::<init> (43 bytes)
Event: 25.125 Thread 0x00000000176fb000 nmethod 2060 0x0000000002db5c50 code [0x0000000002db5d80, 0x0000000002db5e38]
Event: 25.132 Thread 0x00000000176fe000 2061       4       com.android.dx.cf.code.ByteCatchList$Item::getExceptionClass (18 bytes)
Event: 25.133 Thread 0x00000000176fe000 nmethod 2061 0x0000000002eaacd0 code [0x0000000002eaae00, 0x0000000002eaae78]
Event: 25.176 Thread 0x0000000018dbb000 2062       3       com.android.dx.ssa.ConstCollector::updateConstUses (248 bytes)
Event: 25.178 Thread 0x0000000018dbb000 nmethod 2062 0x0000000003116c10 code [0x0000000003116f60, 0x0000000003118eb8]
Event: 25.210 Thread 0x00000000176fb000 2063       4       com.android.dx.util.LabeledList::removeLabel (10 bytes)
Event: 25.211 Thread 0x00000000176fb000 nmethod 2063 0x0000000002e20cd0 code [0x0000000002e20e20, 0x0000000002e20f18]
Event: 25.212 Thread 0x00000000176fe000 2064       4       com.android.dx.ssa.LocalVariableExtractor::processBlock (383 bytes)
Event: 25.219 Thread 0x00000000176fb000 2065       4       com.android.dx.ssa.LocalVariableInfo::mutableCopyOfStarts (29 bytes)

GC Heap History (10 events):
Event: 4.486 GC heap before
{Heap before GC invocations=1 (full 0):
 PSYoungGen      total 38400K, used 33280K [0x00000000d5580000, 0x00000000d8000000, 0x0000000100000000)
  eden space 33280K, 100% used [0x00000000d5580000,0x00000000d7600000,0x00000000d7600000)
  from space 5120K, 0% used [0x00000000d7b00000,0x00000000d7b00000,0x00000000d8000000)
  to   space 5120K, 0% used [0x00000000d7600000,0x00000000d7600000,0x00000000d7b00000)
 ParOldGen       total 87552K, used 0K [0x0000000080000000, 0x0000000085580000, 0x00000000d5580000)
  object space 87552K, 0% used [0x0000000080000000,0x0000000080000000,0x0000000085580000)
 Metaspace       used 5745K, capacity 6896K, committed 7040K, reserved 1056768K
  class space    used 571K, capacity 616K, committed 640K, reserved 1048576K
Event: 4.597 GC heap after
Heap after GC invocations=1 (full 0):
 PSYoungGen      total 38400K, used 5113K [0x00000000d5580000, 0x00000000da080000, 0x0000000100000000)
  eden space 33280K, 0% used [0x00000000d5580000,0x00000000d5580000,0x00000000d7600000)
  from space 5120K, 99% used [0x00000000d7600000,0x00000000d7afe5a0,0x00000000d7b00000)
  to   space 5120K, 0% used [0x00000000d9b80000,0x00000000d9b80000,0x00000000da080000)
 ParOldGen       total 87552K, used 1927K [0x0000000080000000, 0x0000000085580000, 0x00000000d5580000)
  object space 87552K, 2% used [0x0000000080000000,0x00000000801e1c98,0x0000000085580000)
 Metaspace       used 5745K, capacity 6896K, committed 7040K, reserved 1056768K
  class space    used 571K, capacity 616K, committed 640K, reserved 1048576K
}
Event: 7.760 GC heap before
{Heap before GC invocations=2 (full 0):
 PSYoungGen      total 38400K, used 38393K [0x00000000d5580000, 0x00000000da080000, 0x0000000100000000)
  eden space 33280K, 100% used [0x00000000d5580000,0x00000000d7600000,0x00000000d7600000)
  from space 5120K, 99% used [0x00000000d7600000,0x00000000d7afe5a0,0x00000000d7b00000)
  to   space 5120K, 0% used [0x00000000d9b80000,0x00000000d9b80000,0x00000000da080000)
 ParOldGen       total 87552K, used 1927K [0x0000000080000000, 0x0000000085580000, 0x00000000d5580000)
  object space 87552K, 2% used [0x0000000080000000,0x00000000801e1c98,0x0000000085580000)
 Metaspace       used 5828K, capacity 6960K, committed 7040K, reserved 1056768K
  class space    used 576K, capacity 616K, committed 640K, reserved 1048576K
Event: 7.904 GC heap after
Heap after GC invocations=2 (full 0):
 PSYoungGen      total 71680K, used 5105K [0x00000000d5580000, 0x00000000da080000, 0x0000000100000000)
  eden space 66560K, 0% used [0x00000000d5580000,0x00000000d5580000,0x00000000d9680000)
  from space 5120K, 99% used [0x00000000d9b80000,0x00000000da07c7a8,0x00000000da080000)
  to   space 5120K, 0% used [0x00000000d9680000,0x00000000d9680000,0x00000000d9b80000)
 ParOldGen       total 87552K, used 12934K [0x0000000080000000, 0x0000000085580000, 0x00000000d5580000)
  object space 87552K, 14% used [0x0000000080000000,0x0000000080ca1a98,0x0000000085580000)
 Metaspace       used 5828K, capacity 6960K, committed 7040K, reserved 1056768K
  class space    used 576K, capacity 616K, committed 640K, reserved 1048576K
}
Event: 13.051 GC heap before
{Heap before GC invocations=3 (full 0):
 PSYoungGen      total 71680K, used 71665K [0x00000000d5580000, 0x00000000da080000, 0x0000000100000000)
  eden space 66560K, 100% used [0x00000000d5580000,0x00000000d9680000,0x00000000d9680000)
  from space 5120K, 99% used [0x00000000d9b80000,0x00000000da07c7a8,0x00000000da080000)
  to   space 5120K, 0% used [0x00000000d9680000,0x00000000d9680000,0x00000000d9b80000)
 ParOldGen       total 87552K, used 12934K [0x0000000080000000, 0x0000000085580000, 0x00000000d5580000)
  object space 87552K, 14% used [0x0000000080000000,0x0000000080ca1a98,0x0000000085580000)
 Metaspace       used 5946K, capacity 7088K, committed 7296K, reserved 1056768K
  class space    used 578K, capacity 616K, committed 640K, reserved 1048576K
Event: 13.575 GC heap after
Heap after GC invocations=3 (full 0):
 PSYoungGen      total 71680K, used 5096K [0x00000000d5580000, 0x00000000de180000, 0x0000000100000000)
  eden space 66560K, 0% used [0x00000000d5580000,0x00000000d5580000,0x00000000d9680000)
  from space 5120K, 99% used [0x00000000d9680000,0x00000000d9b7a1b0,0x00000000d9b80000)
  to   space 5120K, 0% used [0x00000000ddc80000,0x00000000ddc80000,0x00000000de180000)
 ParOldGen       total 87552K, used 24441K [0x0000000080000000, 0x0000000085580000, 0x00000000d5580000)
  object space 87552K, 27% used [0x0000000080000000,0x00000000817de560,0x0000000085580000)
 Metaspace       used 5946K, capacity 7088K, committed 7296K, reserved 1056768K
  class space    used 578K, capacity 616K, committed 640K, reserved 1048576K
}
Event: 16.870 GC heap before
{Heap before GC invocations=4 (full 0):
 PSYoungGen      total 71680K, used 71656K [0x00000000d5580000, 0x00000000de180000, 0x0000000100000000)
  eden space 66560K, 100% used [0x00000000d5580000,0x00000000d9680000,0x00000000d9680000)
  from space 5120K, 99% used [0x00000000d9680000,0x00000000d9b7a1b0,0x00000000d9b80000)
  to   space 5120K, 0% used [0x00000000ddc80000,0x00000000ddc80000,0x00000000de180000)
 ParOldGen       total 87552K, used 24441K [0x0000000080000000, 0x0000000085580000, 0x00000000d5580000)
  object space 87552K, 27% used [0x0000000080000000,0x00000000817de560,0x0000000085580000)
 Metaspace       used 5976K, capacity 7088K, committed 7296K, reserved 1056768K
  class space    used 578K, capacity 616K, committed 640K, reserved 1048576K
Event: 17.045 GC heap after
Heap after GC invocations=4 (full 0):
 PSYoungGen      total 138240K, used 5099K [0x00000000d5580000, 0x00000000de180000, 0x0000000100000000)
  eden space 133120K, 0% used [0x00000000d5580000,0x00000000d5580000,0x00000000dd780000)
  from space 5120K, 99% used [0x00000000ddc80000,0x00000000de17adc8,0x00000000de180000)
  to   space 5120K, 0% used [0x00000000dd780000,0x00000000dd780000,0x00000000ddc80000)
 ParOldGen       total 87552K, used 34633K [0x0000000080000000, 0x0000000085580000, 0x00000000d5580000)
  object space 87552K, 39% used [0x0000000080000000,0x00000000821d2798,0x0000000085580000)
 Metaspace       used 5976K, capacity 7088K, committed 7296K, reserved 1056768K
  class space    used 578K, capacity 616K, committed 640K, reserved 1048576K
}
Event: 22.139 GC heap before
{Heap before GC invocations=5 (full 0):
 PSYoungGen      total 138240K, used 138219K [0x00000000d5580000, 0x00000000de180000, 0x0000000100000000)
  eden space 133120K, 100% used [0x00000000d5580000,0x00000000dd780000,0x00000000dd780000)
  from space 5120K, 99% used [0x00000000ddc80000,0x00000000de17adc8,0x00000000de180000)
  to   space 5120K, 0% used [0x00000000dd780000,0x00000000dd780000,0x00000000ddc80000)
 ParOldGen       total 87552K, used 34633K [0x0000000080000000, 0x0000000085580000, 0x00000000d5580000)
  object space 87552K, 39% used [0x0000000080000000,0x00000000821d2798,0x0000000085580000)
 Metaspace       used 6012K, capacity 7088K, committed 7296K, reserved 1056768K
  class space    used 578K, capacity 616K, committed 640K, reserved 1048576K
Event: 22.596 GC heap after
Heap after GC invocations=5 (full 0):
 PSYoungGen      total 138240K, used 5097K [0x00000000d5580000, 0x00000000de180000, 0x0000000100000000)
  eden space 133120K, 0% used [0x00000000d5580000,0x00000000d5580000,0x00000000dd780000)
  from space 5120K, 99% used [0x00000000dd780000,0x00000000ddc7a680,0x00000000ddc80000)
  to   space 5120K, 0% used [0x00000000ddc80000,0x00000000ddc80000,0x00000000de180000)
 ParOldGen       total 87552K, used 51873K [0x0000000080000000, 0x0000000085580000, 0x00000000d5580000)
  object space 87552K, 59% used [0x0000000080000000,0x00000000832a8740,0x0000000085580000)
 Metaspace       used 6012K, capacity 7088K, committed 7296K, reserved 1056768K
  class space    used 578K, capacity 616K, committed 640K, reserved 1048576K
}

Deoptimization events (10 events):
Event: 17.057 Thread 0x00000000025ed800 Uncommon trap: reason=bimorphic action=maybe_recompile pc=0x0000000002c7da58 method=java.util.HashMap.getNode(ILjava/lang/Object;)Ljava/util/HashMap$Node; @ 126
Event: 17.057 Thread 0x00000000025ed800 Uncommon trap: reason=class_check action=maybe_recompile pc=0x0000000002ffe8c4 method=java.util.HashMap.putVal(ILjava/lang/Object;Ljava/lang/Object;ZZ)Ljava/lang/Object; @ 203
Event: 19.859 Thread 0x00000000025ed800 Uncommon trap: reason=bimorphic action=maybe_recompile pc=0x0000000002c7e3cc method=com.android.dx.cf.code.Merger.mergeType(Lcom/android/dx/rop/type/TypeBearer;Lcom/android/dx/rop/type/TypeBearer;)Lcom/android/dx/rop/type/TypeBearer; @ 21
Event: 23.008 Thread 0x00000000025ed800 Uncommon trap: reason=unstable_if action=reinterpret pc=0x0000000002db7ad4 method=com.android.dx.cf.direct.StdAttributeFactory.parse0(Lcom/android/dx/cf/direct/DirectClassFile;ILjava/lang/String;IILcom/android/dx/cf/iface/ParseObserver;)Lcom/android/dx/cf
Event: 24.488 Thread 0x00000000025ed800 Uncommon trap: reason=unstable_if action=reinterpret pc=0x0000000003112290 method=com.android.dx.ssa.back.FirstFitLocalCombiningAllocator.getAlignment(I)Lcom/android/dx/ssa/back/FirstFitLocalCombiningAllocator$Alignment; @ 16
Event: 25.139 Thread 0x00000000025ed800 Uncommon trap: reason=class_check action=maybe_recompile pc=0x0000000003394ea8 method=com.android.dx.rop.code.RegisterSpec.withSimpleType()Lcom/android/dx/rop/code/RegisterSpec; @ 21
Event: 25.139 Thread 0x00000000025ed800 Uncommon trap: reason=class_check action=maybe_recompile pc=0x0000000003394ea8 method=com.android.dx.rop.code.RegisterSpec.withSimpleType()Lcom/android/dx/rop/code/RegisterSpec; @ 21
Event: 25.139 Thread 0x00000000025ed800 Uncommon trap: reason=class_check action=maybe_recompile pc=0x0000000003394ea8 method=com.android.dx.rop.code.RegisterSpec.withSimpleType()Lcom/android/dx/rop/code/RegisterSpec; @ 21
Event: 25.176 Thread 0x00000000025ed800 Uncommon trap: reason=unstable_if action=reinterpret pc=0x0000000002f94884 method=com.android.dx.ssa.ConstCollector.updateConstUses(Ljava/util/HashMap;I)V @ 225
Event: 25.211 Thread 0x00000000025ed800 Uncommon trap: reason=class_check action=maybe_recompile pc=0x0000000003394ea8 method=com.android.dx.rop.code.RegisterSpec.withSimpleType()Lcom/android/dx/rop/code/RegisterSpec; @ 21

Internal exceptions (3 events):
Event: 0.396 Thread 0x00000000025ed800 Exception <a 'java/lang/NoSuchMethodError': Method sun.misc.Unsafe.defineClass(Ljava/lang/String;[BII)Ljava/lang/Class; name or signature does not match> (0x00000000d5587c78) thrown at [C:\re\workspace\8-2-build-windows-amd64-cygwin\jdk8u112\7884\hotspot\
Event: 0.396 Thread 0x00000000025ed800 Exception <a 'java/lang/NoSuchMethodError': Method sun.misc.Unsafe.prefetchRead(Ljava/lang/Object;J)V name or signature does not match> (0x00000000d5587f60) thrown at [C:\re\workspace\8-2-build-windows-amd64-cygwin\jdk8u112\7884\hotspot\src\share\vm\prims
Event: 5.187 Thread 0x00000000025ed800 Implicit null exception at 0x0000000002ea4fa2 to 0x0000000002ea5092

Events (10 events):
Event: 25.139 Thread 0x00000000025ed800 DEOPT UNPACKING pc=0x0000000002ac582a sp=0x000000000259dff8 mode 2
Event: 25.139 Thread 0x00000000025ed800 Uncommon trap: trap_request=0xffffffde fr.pc=0x0000000003394ea8
Event: 25.139 Thread 0x00000000025ed800 DEOPT PACKING pc=0x0000000003394ea8 sp=0x000000000259e0e0
Event: 25.139 Thread 0x00000000025ed800 DEOPT UNPACKING pc=0x0000000002ac582a sp=0x000000000259dff8 mode 2
Event: 25.176 Thread 0x00000000025ed800 Uncommon trap: trap_request=0xffffff65 fr.pc=0x0000000002f94884
Event: 25.176 Thread 0x00000000025ed800 DEOPT PACKING pc=0x0000000002f94884 sp=0x000000000259de80
Event: 25.176 Thread 0x00000000025ed800 DEOPT UNPACKING pc=0x0000000002ac582a sp=0x000000000259de50 mode 2
Event: 25.211 Thread 0x00000000025ed800 Uncommon trap: trap_request=0xffffffde fr.pc=0x0000000003394ea8
Event: 25.211 Thread 0x00000000025ed800 DEOPT PACKING pc=0x0000000003394ea8 sp=0x000000000259e030
Event: 25.211 Thread 0x00000000025ed800 DEOPT UNPACKING pc=0x0000000002ac582a sp=0x000000000259df48 mode 2


Dynamic libraries:
0x00007ff77a840000 - 0x00007ff77a877000 	C:\Program Files\Java\jdk1.8.0_112\bin\java.exe
0x00007ffc77a30000 - 0x00007ffc77c01000 	C:\WINDOWS\SYSTEM32\ntdll.dll
0x00007ffc778e0000 - 0x00007ffc7798b000 	C:\WINDOWS\System32\KERNEL32.DLL
0x00007ffc745a0000 - 0x00007ffc747bd000 	C:\WINDOWS\System32\KERNELBASE.dll
0x00007ffc753d0000 - 0x00007ffc75472000 	C:\WINDOWS\System32\ADVAPI32.dll
0x00007ffc750e0000 - 0x00007ffc7517e000 	C:\WINDOWS\System32\msvcrt.dll
0x00007ffc75d40000 - 0x00007ffc75d99000 	C:\WINDOWS\System32\sechost.dll
0x00007ffc759d0000 - 0x00007ffc75af1000 	C:\WINDOWS\System32\RPCRT4.dll
0x00007ffc75b60000 - 0x00007ffc75cc5000 	C:\WINDOWS\System32\USER32.dll
0x00007ffc748c0000 - 0x00007ffc748de000 	C:\WINDOWS\System32\win32u.dll
0x00007ffc779f0000 - 0x00007ffc77a24000 	C:\WINDOWS\System32\GDI32.dll
0x00007ffc74320000 - 0x00007ffc744a2000 	C:\WINDOWS\System32\gdi32full.dll
0x00007ffc6cf40000 - 0x00007ffc6d1b9000 	C:\WINDOWS\WinSxS\amd64_microsoft.windows.common-controls_6595b64144ccf1df_6.0.14393.447_none_42191651c6827bb3\COMCTL32.dll
0x00007ffc75550000 - 0x00007ffc75817000 	C:\WINDOWS\System32\combase.dll
0x00007ffc747c0000 - 0x00007ffc748b5000 	C:\WINDOWS\System32\ucrtbase.dll
0x00007ffc73f20000 - 0x00007ffc73f8a000 	C:\WINDOWS\System32\bcryptPrimitives.dll
0x00007ffc77480000 - 0x00007ffc774ae000 	C:\WINDOWS\System32\IMM32.DLL
0x0000000062320000 - 0x00000000623f2000 	C:\Program Files\Java\jdk1.8.0_112\jre\bin\msvcr100.dll
0x0000000061a80000 - 0x000000006231a000 	C:\Program Files\Java\jdk1.8.0_112\jre\bin\server\jvm.dll
0x00007ffc75180000 - 0x00007ffc75188000 	C:\WINDOWS\System32\PSAPI.DLL
0x00007ffc51600000 - 0x00007ffc51609000 	C:\WINDOWS\SYSTEM32\WSOCK32.dll
0x00007ffc75cd0000 - 0x00007ffc75d3a000 	C:\WINDOWS\System32\WS2_32.dll
0x00007ffc71e70000 - 0x00007ffc71e93000 	C:\WINDOWS\SYSTEM32\WINMM.dll
0x00007ffc6fea0000 - 0x00007ffc6feaa000 	C:\WINDOWS\SYSTEM32\VERSION.dll
0x00007ffc71d80000 - 0x00007ffc71dab000 	C:\WINDOWS\SYSTEM32\WINMMBASE.dll
0x00007ffc74550000 - 0x00007ffc74592000 	C:\WINDOWS\System32\cfgmgr32.dll
0x0000000063010000 - 0x000000006301f000 	C:\Program Files\Java\jdk1.8.0_112\jre\bin\verify.dll
0x0000000062fe0000 - 0x0000000063009000 	C:\Program Files\Java\jdk1.8.0_112\jre\bin\java.dll
0x0000000062fc0000 - 0x0000000062fd6000 	C:\Program Files\Java\jdk1.8.0_112\jre\bin\zip.dll
0x00007ffc75e00000 - 0x00007ffc77309000 	C:\WINDOWS\System32\SHELL32.dll
0x00007ffc748e0000 - 0x00007ffc74fba000 	C:\WINDOWS\System32\windows.storage.dll
0x00007ffc73ec0000 - 0x00007ffc73f0c000 	C:\WINDOWS\System32\powrprof.dll
0x00007ffc75b00000 - 0x00007ffc75b52000 	C:\WINDOWS\System32\shlwapi.dll
0x00007ffc73f10000 - 0x00007ffc73f1f000 	C:\WINDOWS\System32\kernel.appcore.dll
0x00007ffc74160000 - 0x00007ffc74209000 	C:\WINDOWS\System32\shcore.dll
0x00007ffc73ea0000 - 0x00007ffc73eb4000 	C:\WINDOWS\System32\profapi.dll

VM Arguments:
jvm_args: -Djava.awt.headless=true -Xmx2048M -Dfile.encoding=GBK -Duser.country=CN -Duser.language=zh -Duser.variant 
java_command: com.android.dx.command.Main --dex --force-jumbo --multi-dex --output E:\WifiClub\develop_11\android\app\build\intermediates\transforms\dex\flavors_Beta\debug\folders\1000\5\slice_2 E:\WifiClub\develop_11\android\app\build\intermediates\transforms\instantRunSlicer\flavors_Beta\debug\folders\1\5\slice_2
java_class_path (initial): D:\Android\sdk\build-tools\21.1.2\lib\dx.jar
Launcher Type: SUN_STANDARD

Environment Variables:
JAVA_HOME=C:\Program Files\Java\jdk1.8.0_112
PATH=C:\ProgramData\Oracle\Java\javapath;C:\WINDOWS\system32;C:\WINDOWS;C:\WINDOWS\System32\Wbem;C:\WINDOWS\System32\WindowsPowerShell\v1.0\;C:\Program Files\Microsoft SQL Server\110\DTS\Binn\;C:\Program Files (x86)\Microsoft SQL Server\110\Tools\Binn\;C:\Program Files\Microsoft SQL Server\110\Tools\Binn\;C:\Program Files (x86)\Microsoft SQL Server\110\Tools\Binn\ManagementStudio\;C:\Program Files (x86)\Microsoft Visual Studio 10.0\Common7\IDE\PrivateAssemblies\;C:\Program Files (x86)\Microsoft SQL Server\110\DTS\Binn\;C:\Users\lcg19\.dnx\bin;C:\Program Files\Microsoft DNX\Dnvm\;C:\Program Files\Microsoft SQL Server\120\Tools\Binn\;C:\Program Files\Microsoft SQL Server\130\Tools\Binn\;C:\Program Files (x86)\Windows Kits\10\Windows Performance Toolkit\;C:\Program Files (x86)\nodejs\;C:\Program Files (x86)\VisualSVN\bin;C:\Program Files (x86)\Microsoft Emulator Manager\1.0\;C:\Program Files\SVN\bin;C:\Program Files (x86)\NVIDIA Corporation\PhysX\Common;C:\Users\lcg19\AppData\Roaming\npm;C:\Users\lcg19\AppData\Local\Microsoft\WindowsApps;;C:\Program Files (x86)\Microsoft VS Code\bin
USERNAME=lcg19
OS=Windows_NT
PROCESSOR_IDENTIFIER=Intel64 Family 6 Model 42 Stepping 7, GenuineIntel



---------------  S Y S T E M  ---------------

OS: Windows 10.0 , 64 bit Build 14393 (10.0.14393.0)

CPU:total 4 (2 cores per cpu, 2 threads per core) family 6 model 42 stepping 7, cmov, cx8, fxsr, mmx, sse, sse2, sse3, ssse3, sse4.1, sse4.2, popcnt, avx, aes, clmul, ht, tsc, tscinvbit

Memory: 4k page, physical 8300684k(555168k free), swap 16601228k(3800k free)

vm_info: Java HotSpot(TM) 64-Bit Server VM (25.112-b15) for windows-amd64 JRE (1.8.0_112-b15), built on Sep 22 2016 21:31:56 by "java_re" with MS VC++ 10.0 (VS2010)

time: Tue Nov 29 16:32:37 2016
elapsed time: 25 seconds (0d 0h 0m 25s)

